<?xml version="1.0" encoding="UTF-8"?>
<!-- Generated by org.testng.reporters.JUnitXMLReporter -->
<testsuite ignored="0" hostname="Sundus-Firdous" failures="0" tests="9" name="Surefire test" time="23.257" errors="0" timestamp="2026-06-26T20:49:29 IST">
  <testcase classname="tests.auth.LoginTest" name="verifyLogin" time="5.896"/>
  <testcase classname="tests.integration.UserWorkflowTest" name="completeWorkflow" time="1.509"/>
  <testcase classname="tests.regression.CreateUserDataDrivenTest" name="createUserTest" time="5.65"/>
  <testcase classname="tests.regression.CreateUserDataDrivenTest" name="createUserTest" time="1.749"/>
  <testcase classname="tests.regression.DeleteUserTest" name="verifyDeleteUser" time="1.76"/>
  <testcase classname="tests.regression.UpdateUserTest" name="verifyUpdateUser" time="1.113"/>
  <testcase classname="tests.regression.UserSchemaValidationTest" name="validateUserSchema" time="1.178"/>
  <testcase classname="tests.smoke.CreateUserTest" name="verifyCreateUser" time="1.91"/>
  <testcase classname="tests.smoke.GetUserTest" name="verifyUser" time="1.037"/>
</testsuite> <!-- Surefire test -->
