<?xml version="1.0" encoding="UTF-8"?>
<testsuite xmlns:xsi="http://www.w3.org/2001/XMLSchema-instance" xsi:noNamespaceSchemaLocation="https://maven.apache.org/surefire/maven-surefire-plugin/xsd/surefire-test-report-3.0.xsd" version="3.0" name="TestSuite" time="25.03" tests="9" errors="0" skipped="0" failures="0">
  <properties>
[...]
</properties>
  <testcase name="verifyLogin" classname="tests.auth.LoginTest" time="5.901">
    <system-out><![CDATA[eyJhbGciOiJIUzI1NiIsInR5cCI6IkpXVCJ9.eyJpZCI6MSwidXNlcm5hbWUiOiJlbWlseXMiLCJlbWFpbCI6ImVtaWx5LmpvaG5zb25AeC5kdW1teWpzb24uY29tIiwiZmlyc3ROYW1lIjoiRW1pbHkiLCJsYXN0TmFtZSI6IkpvaG5zb24iLCJnZW5kZXIiOiJmZW1hbGUiLCJpbWFnZSI6Imh0dHBzOi8vZHVtbXlqc29uLmNvbS9pY29uL2VtaWx5cy8xMjgiLCJpYXQiOjE3ODI0ODcxNTMsImV4cCI6MTc4MjQ5MDc1M30.68guk8RO9-FRgJJnMMpP2jbf2ACkPKwtswsYN_B6usI
]]></system-out>
    <system-err><![CDATA[SLF4J(W): No SLF4J providers were found.
SLF4J(W): Defaulting to no-operation (NOP) logger implementation
SLF4J(W): See https://www.slf4j.org/codes.html#noProviders for further details.
]]></system-err>
  </testcase>
  <testcase name="completeWorkflow" classname="tests.integration.UserWorkflowTest" time="1.511">
    <system-out><![CDATA[Workflow completed successfully.
]]></system-out>
  </testcase>
  <testcase name="createUserTest[Sundus, Firdous, 30, sundus@test.com](1)" classname="tests.regression.CreateUserDataDrivenTest" time="5.652"/>
  <testcase name="createUserTest[John, Doe, 25, john@test.com](2)" classname="tests.regression.CreateUserDataDrivenTest" time="1.748"/>
  <testcase name="verifyDeleteUser" classname="tests.regression.DeleteUserTest" time="1.765">
    <system-out><![CDATA[{
    "id": 1,
    "firstName": "Emily",
    "lastName": "Johnson",
    "maidenName": "Smith",
    "age": 29,
    "gender": "female",
    "email": "emily.johnson@x.dummyjson.com",
    "phone": "+81 965-431-3024",
    "username": "emilys",
    "password": "emilyspass",
    "birthDate": "1996-5-30",
    "image": "https://dummyjson.com/icon/emilys/128",
    "bloodGroup": "O-",
    "height": 193.24,
    "weight": 63.16,
    "eyeColor": "Green",
    "hair": {
        "color": "Brown",
        "type": "Curly"
    },
    "ip": "42.48.100.32",
    "address": {
        "address": "626 Main Street",
        "city": "Phoenix",
        "state": "Mississippi",
        "stateCode": "MS",
        "postalCode": "29112",
        "coordinates": {
            "lat": -77.16213,
            "lng": -92.084824
        },
        "country": "United States"
    },
    "macAddress": "47:fa:41:18:ec:eb",
    "university": "University of Wisconsin--Madison",
    "bank": {
        "cardExpire": "05/28",
        "cardNumber": "3693233511855044",
        "cardType": "Diners Club International",
        "currency": "GBP",
        "iban": "GB74MH2UZLR9TRPHYNU8F8"
    },
    "company": {
        "department": "Engineering",
        "name": "Dooley, Kozey and Cronin",
        "title": "Sales Manager",
        "address": {
            "address": "263 Tenth Street",
            "city": "San Francisco",
            "state": "Wisconsin",
            "stateCode": "WI",
            "postalCode": "37657",
            "coordinates": {
                "lat": 71.814525,
                "lng": -161.150263
            },
            "country": "United States"
        }
    },
    "ein": "977-175",
    "ssn": "900-590-289",
    "userAgent": "Mozilla/5.0 (Macintosh; Intel Mac OS X 10_15_7) AppleWebKit/537.36 (KHTML, like Gecko) Chrome/96.0.4664.93 Safari/537.36",
    "crypto": {
        "coin": "Bitcoin",
        "wallet": "0xb9fc2fe63b2a6c003f1c324c3bfa53259162181a",
        "network": "Ethereum (ERC20)"
    },
    "role": "admin",
    "isDeleted": true,
    "deletedOn": "2026-06-26T15:19:25.751Z"
}
]]></system-out>
  </testcase>
  <testcase name="verifyUpdateUser" classname="tests.regression.UpdateUserTest" time="1.116">
    <system-out><![CDATA[Status Code: 200
Response Body:
{
    "id": 1,
    "firstName": "Updated",
    "lastName": "User",
    "maidenName": "Smith",
    "age": 35,
    "gender": "female",
    "email": "updated@test.com",
    "phone": "+81 965-431-3024",
    "username": "emilys",
    "password": "emilyspass",
    "birthDate": "1996-5-30",
    "image": "https://dummyjson.com/icon/emilys/128",
    "bloodGroup": "O-",
    "height": 193.24,
    "weight": 63.16,
    "eyeColor": "Green",
    "hair": {
        "color": "Brown",
        "type": "Curly"
    },
    "ip": "42.48.100.32",
    "address": {
        "address": "626 Main Street",
        "city": "Phoenix",
        "state": "Mississippi",
        "stateCode": "MS",
        "postalCode": "29112",
        "coordinates": {
            "lat": -77.16213,
            "lng": -92.084824
        },
        "country": "United States"
    },
    "macAddress": "47:fa:41:18:ec:eb",
    "university": "University of Wisconsin--Madison",
    "bank": {
        "cardExpire": "05/28",
        "cardNumber": "3693233511855044",
        "cardType": "Diners Club International",
        "currency": "GBP",
        "iban": "GB74MH2UZLR9TRPHYNU8F8"
    },
    "company": {
        "department": "Engineering",
        "name": "Dooley, Kozey and Cronin",
        "title": "Sales Manager",
        "address": {
            "address": "263 Tenth Street",
            "city": "San Francisco",
            "state": "Wisconsin",
            "stateCode": "WI",
            "postalCode": "37657",
            "coordinates": {
                "lat": 71.814525,
                "lng": -161.150263
            },
            "country": "United States"
        }
    },
    "ein": "977-175",
    "ssn": "900-590-289",
    "userAgent": "Mozilla/5.0 (Macintosh; Intel Mac OS X 10_15_7) AppleWebKit/537.36 (KHTML, like Gecko) Chrome/96.0.4664.93 Safari/537.36",
    "crypto": {
        "coin": "Bitcoin",
        "wallet": "0xb9fc2fe63b2a6c003f1c324c3bfa53259162181a",
        "network": "Ethereum (ERC20)"
    },
    "role": "admin"
}
]]></system-out>
  </testcase>
  <testcase name="validateUserSchema" classname="tests.regression.UserSchemaValidationTest" time="1.178"/>
  <testcase name="verifyCreateUser" classname="tests.smoke.CreateUserTest" time="1.914">
    <system-out><![CDATA[{
    "id": 209,
    "firstName": "Sundus",
    "lastName": "Firdous",
    "maidenName": "",
    "age": 30,
    "gender": "",
    "email": "sundus@test.com",
    "phone": "",
    "username": "",
    "password": "",
    "birthDate": "",
    "image": "",
    "bloodGroup": "",
    "height": null,
    "weight": null,
    "eyeColor": "",
    "hair": {
        "color": "",
        "type": ""
    },
    "ip": "",
    "address": {
        "address": "",
        "city": "",
        "state": "",
        "stateCode": "",
        "postalCode": "",
        "coordinates": {
            "lat": null,
            "lng": null
        },
        "country": ""
    },
    "macAddress": "",
    "university": "",
    "bank": {
        "cardExpire": "",
        "cardNumber": "",
        "cardType": "",
        "currency": "",
        "iban": ""
    },
    "company": {
        "department": "",
        "name": "",
        "title": "",
        "address": {
            "address": "",
            "city": "",
            "state": "",
            "stateCode": "",
            "postalCode": "",
            "coordinates": {
                "lat": null,
                "lng": null
            },
            "country": ""
        }
    },
    "ein": "",
    "ssn": "",
    "userAgent": "",
    "crypto": {
        "coin": "",
        "wallet": "",
        "network": ""
    },
    "role": "user"
}
]]></system-out>
  </testcase>
  <testcase name="verifyUser" classname="tests.smoke.GetUserTest" time="1.037"/>
</testsuite>