<?xml version="1.0" encoding="UTF-8"?>
<testsuite xmlns:xsi="http://www.w3.org/2001/XMLSchema-instance" xsi:noNamespaceSchemaLocation="https://maven.apache.org/surefire/maven-surefire-plugin/xsd/surefire-test-report-3.0.xsd" version="3.0" name="TestSuite" time="3.156" tests="1" errors="0" skipped="0" failures="0">
  <properties>
[...]
</properties>
  <testcase name="verifyUser" classname="tests.smoke.GetUserTest" time="1.955">
    <system-out><![CDATA[HTTP/1.1 200 OK
Date: Wed, 24 Jun 2026 16:44:37 GMT
Content-Type: application/json; charset=utf-8
Transfer-Encoding: chunked
Connection: keep-alive
Access-Control-Allow-Credentials: true
Nel: {"report_to":"cf-nel","success_fraction":0.0,"max_age":604800}
Etag: W/"566-yQ/nfgx1s0RKqkKNaU1S4XABnhQ"
Strict-Transport-Security: max-age=15552000; includeSubDomains
Vary: Origin, Accept-Encoding
X-Content-Type-Options: nosniff
X-Dns-Prefetch-Control: off
X-Download-Options: noopen
X-Frame-Options: SAMEORIGIN
X-Ratelimit-Limit: 100
X-Ratelimit-Remaining: 85
X-Ratelimit-Reset: 1782319481
X-Xss-Protection: 1; mode=block
Cf-Cache-Status: DYNAMIC
Report-To: {"group":"cf-nel","max_age":604800,"endpoints":[{"url":"https://a.nel.cloudflare.com/report/v4?s=7ul9XKWYAqRonVDKxRNycRbwF7QzZ82PV%2FQupXCRbxadYe97P4g%2BwAPfo0OcqP5%2Fg3OAZ2lPs0%2Fu4ptwXFS1PLwOTu%2BtmGM2dz%2F%2FbrR1NZAP%2F5KhlZSQLxpPFQKbMoEM"}]}
Content-Encoding: gzip
Server: cloudflare
CF-RAY: a10d32bf3b10fe15-SIN

{
    "id": 2,
    "firstName": "Michael",
    "lastName": "Williams",
    "maidenName": "",
    "age": 36,
    "gender": "male",
    "email": "michael.williams@x.dummyjson.com",
    "phone": "+49 258-627-6644",
    "username": "michaelw",
    "password": "michaelwpass",
    "birthDate": "1989-8-10",
    "image": "https://dummyjson.com/icon/michaelw/128",
    "bloodGroup": "B+",
    "height": 186.22,
    "weight": 76.32,
    "eyeColor": "Red",
    "hair": {
        "color": "Green",
        "type": "Straight"
    },
    "ip": "12.13.116.142",
    "address": {
        "address": "385 Fifth Street",
        "city": "Houston",
        "state": "Alabama",
        "stateCode": "AL",
        "postalCode": "38807",
        "coordinates": {
            "lat": 22.815468,
            "lng": 115.608581
        },
        "country": "United States"
    },
    "macAddress": "79:15:78:99:60:aa",
    "university": "Ohio State University",
    "bank": {
        "cardExpire": "01/30",
        "cardNumber": "3530633803003665",
        "cardType": "JCB",
        "currency": "USD",
        "iban": "DE26362283149158045865"
    },
    "company": {
        "department": "Support",
        "name": "Spinka - Dickinson",
        "title": "Support Specialist",
        "address": {
            "address": "395 Main Street",
            "city": "Los Angeles",
            "state": "New Hampshire",
            "stateCode": "NH",
            "postalCode": "73442",
            "coordinates": {
                "lat": 79.098326,
                "lng": -119.624845
            },
            "country": "United States"
        }
    },
    "ein": "912-602",
    "ssn": "108-953-962",
    "userAgent": "Mozilla/5.0 (Windows NT 10.0; Win64; x64) AppleWebKit/537.36 (KHTML, like Gecko) Edge/97.0.1072.76 Safari/537.36",
    "crypto": {
        "coin": "Bitcoin",
        "wallet": "0xb9fc2fe63b2a6c003f1c324c3bfa53259162181a",
        "network": "Ethereum (ERC20)"
    },
    "role": "admin"
}
]]></system-out>
    <system-err><![CDATA[SLF4J(W): No SLF4J providers were found.
SLF4J(W): Defaulting to no-operation (NOP) logger implementation
SLF4J(W): See https://www.slf4j.org/codes.html#noProviders for further details.
]]></system-err>
  </testcase>
</testsuite>