<?xml version="1.0" encoding="UTF-8"?>
<testng-results ignored="0" total="9" passed="9" failed="0" skipped="0">
  <reporter-output>
  </reporter-output>
  <suite started-at="2026-06-26T20:49:06 IST" name="Surefire suite" finished-at="2026-06-26T20:49:29 IST" duration-ms="23257">
    <groups>
    </groups>
    <test started-at="2026-06-26T20:49:06 IST" name="Surefire test" finished-at="2026-06-26T20:49:29 IST" duration-ms="23257">
      <class name="tests.smoke.GetUserTest">
        <test-method is-config="true" signature="setup()[pri:0, instance:tests.smoke.GetUserTest@10e92f8f]" started-at="2026-06-26T20:49:28 IST" name="setup" finished-at="2026-06-26T20:49:28 IST" duration-ms="14" status="PASS">
          <reporter-output>
          </reporter-output>
        </test-method> <!-- setup -->
        <test-method signature="verifyUser()[pri:0, instance:tests.smoke.GetUserTest@10e92f8f]" started-at="2026-06-26T20:49:28 IST" name="verifyUser" finished-at="2026-06-26T20:49:29 IST" duration-ms="1037" status="PASS">
          <reporter-output>
          </reporter-output>
        </test-method> <!-- verifyUser -->
      </class> <!-- tests.smoke.GetUserTest -->
      <class name="tests.regression.CreateUserDataDrivenTest">
        <test-method is-config="true" signature="setup()[pri:0, instance:tests.regression.CreateUserDataDrivenTest@36c88a32]" started-at="2026-06-26T20:49:15 IST" name="setup" finished-at="2026-06-26T20:49:15 IST" duration-ms="3" status="PASS">
          <reporter-output>
          </reporter-output>
        </test-method> <!-- setup -->
        <test-method signature="createUserTest(java.lang.String,java.lang.String,int,java.lang.String)[pri:0, instance:tests.regression.CreateUserDataDrivenTest@36c88a32]" started-at="2026-06-26T20:49:15 IST" name="createUserTest" data-provider="userData" finished-at="2026-06-26T20:49:20 IST" duration-ms="5650" status="PASS">
          <params>
            <param index="0">
              <value>
                <![CDATA[Sundus]]>
              </value>
            </param>
            <param index="1">
              <value>
                <![CDATA[Firdous]]>
              </value>
            </param>
            <param index="2">
              <value>
                <![CDATA[30]]>
              </value>
            </param>
            <param index="3">
              <value>
                <![CDATA[sundus@test.com]]>
              </value>
            </param>
          </params>
          <reporter-output>
          </reporter-output>
        </test-method> <!-- createUserTest -->
        <test-method is-config="true" signature="setup()[pri:0, instance:tests.regression.CreateUserDataDrivenTest@36c88a32]" started-at="2026-06-26T20:49:20 IST" name="setup" finished-at="2026-06-26T20:49:20 IST" duration-ms="4" status="PASS">
          <reporter-output>
          </reporter-output>
        </test-method> <!-- setup -->
        <test-method signature="createUserTest(java.lang.String,java.lang.String,int,java.lang.String)[pri:0, instance:tests.regression.CreateUserDataDrivenTest@36c88a32]" started-at="2026-06-26T20:49:20 IST" name="createUserTest" data-provider="userData" finished-at="2026-06-26T20:49:22 IST" duration-ms="1749" status="PASS">
          <params>
            <param index="0">
              <value>
                <![CDATA[John]]>
              </value>
            </param>
            <param index="1">
              <value>
                <![CDATA[Doe]]>
              </value>
            </param>
            <param index="2">
              <value>
                <![CDATA[25]]>
              </value>
            </param>
            <param index="3">
              <value>
                <![CDATA[john@test.com]]>
              </value>
            </param>
          </params>
          <reporter-output>
          </reporter-output>
        </test-method> <!-- createUserTest -->
      </class> <!-- tests.regression.CreateUserDataDrivenTest -->
      <class name="tests.regression.UserSchemaValidationTest">
        <test-method is-config="true" signature="setup()[pri:0, instance:tests.regression.UserSchemaValidationTest@1c93084c]" started-at="2026-06-26T20:49:25 IST" name="setup" finished-at="2026-06-26T20:49:25 IST" duration-ms="3" status="PASS">
          <reporter-output>
          </reporter-output>
        </test-method> <!-- setup -->
        <test-method signature="validateUserSchema()[pri:0, instance:tests.regression.UserSchemaValidationTest@1c93084c]" started-at="2026-06-26T20:49:25 IST" name="validateUserSchema" finished-at="2026-06-26T20:49:26 IST" duration-ms="1178" status="PASS">
          <reporter-output>
          </reporter-output>
        </test-method> <!-- validateUserSchema -->
      </class> <!-- tests.regression.UserSchemaValidationTest -->
      <class name="tests.regression.UpdateUserTest">
        <test-method is-config="true" signature="setup()[pri:0, instance:tests.regression.UpdateUserTest@5be6e01c]" started-at="2026-06-26T20:49:24 IST" name="setup" finished-at="2026-06-26T20:49:24 IST" duration-ms="6" status="PASS">
          <reporter-output>
          </reporter-output>
        </test-method> <!-- setup -->
        <test-method signature="verifyUpdateUser()[pri:0, instance:tests.regression.UpdateUserTest@5be6e01c]" started-at="2026-06-26T20:49:24 IST" name="verifyUpdateUser" finished-at="2026-06-26T20:49:25 IST" duration-ms="1113" status="PASS">
          <reporter-output>
          </reporter-output>
        </test-method> <!-- verifyUpdateUser -->
      </class> <!-- tests.regression.UpdateUserTest -->
      <class name="tests.regression.DeleteUserTest">
        <test-method is-config="true" signature="setup()[pri:0, instance:tests.regression.DeleteUserTest@7880cdf3]" started-at="2026-06-26T20:49:22 IST" name="setup" finished-at="2026-06-26T20:49:22 IST" duration-ms="3" status="PASS">
          <reporter-output>
          </reporter-output>
        </test-method> <!-- setup -->
        <test-method signature="verifyDeleteUser()[pri:0, instance:tests.regression.DeleteUserTest@7880cdf3]" started-at="2026-06-26T20:49:22 IST" name="verifyDeleteUser" finished-at="2026-06-26T20:49:24 IST" duration-ms="1760" status="PASS">
          <reporter-output>
          </reporter-output>
        </test-method> <!-- verifyDeleteUser -->
      </class> <!-- tests.regression.DeleteUserTest -->
      <class name="tests.smoke.CreateUserTest">
        <test-method is-config="true" signature="setup()[pri:0, instance:tests.smoke.CreateUserTest@6ef888f6]" started-at="2026-06-26T20:49:26 IST" name="setup" finished-at="2026-06-26T20:49:26 IST" duration-ms="2" status="PASS">
          <reporter-output>
          </reporter-output>
        </test-method> <!-- setup -->
        <test-method signature="verifyCreateUser()[pri:0, instance:tests.smoke.CreateUserTest@6ef888f6]" started-at="2026-06-26T20:49:26 IST" name="verifyCreateUser" finished-at="2026-06-26T20:49:28 IST" duration-ms="1910" status="PASS">
          <reporter-output>
          </reporter-output>
        </test-method> <!-- verifyCreateUser -->
      </class> <!-- tests.smoke.CreateUserTest -->
      <class name="tests.integration.UserWorkflowTest">
        <test-method is-config="true" signature="setup()[pri:0, instance:tests.integration.UserWorkflowTest@ef9296d]" started-at="2026-06-26T20:49:13 IST" name="setup" finished-at="2026-06-26T20:49:13 IST" duration-ms="11" status="PASS">
          <reporter-output>
          </reporter-output>
        </test-method> <!-- setup -->
        <test-method signature="completeWorkflow()[pri:0, instance:tests.integration.UserWorkflowTest@ef9296d]" started-at="2026-06-26T20:49:13 IST" name="completeWorkflow" finished-at="2026-06-26T20:49:15 IST" duration-ms="1509" status="PASS">
          <reporter-output>
          </reporter-output>
        </test-method> <!-- completeWorkflow -->
      </class> <!-- tests.integration.UserWorkflowTest -->
      <class name="tests.auth.LoginTest">
        <test-method is-config="true" signature="setup()[pri:0, instance:tests.auth.LoginTest@6af93788]" started-at="2026-06-26T20:49:06 IST" name="setup" finished-at="2026-06-26T20:49:07 IST" duration-ms="1238" status="PASS">
          <reporter-output>
          </reporter-output>
        </test-method> <!-- setup -->
        <test-method signature="verifyLogin()[pri:0, instance:tests.auth.LoginTest@6af93788]" started-at="2026-06-26T20:49:07 IST" name="verifyLogin" finished-at="2026-06-26T20:49:13 IST" duration-ms="5896" status="PASS">
          <reporter-output>
          </reporter-output>
        </test-method> <!-- verifyLogin -->
      </class> <!-- tests.auth.LoginTest -->
    </test> <!-- Surefire test -->
  </suite> <!-- Surefire suite -->
</testng-results>
