<?xml version="1.0" encoding="UTF-8"?>
<testng-results ignored="0" total="1" passed="1" failed="0" skipped="0">
  <reporter-output>
  </reporter-output>
  <suite started-at="2026-06-24T22:14:34 IST" name="Surefire suite" finished-at="2026-06-24T22:14:37 IST" duration-ms="2575">
    <groups>
    </groups>
    <test started-at="2026-06-24T22:14:34 IST" name="Surefire test" finished-at="2026-06-24T22:14:37 IST" duration-ms="2575">
      <class name="tests.smoke.GetUserTest">
        <test-method is-config="true" signature="setup()[pri:0, instance:tests.smoke.GetUserTest@4df50bcc]" started-at="2026-06-24T22:14:34 IST" name="setup" finished-at="2026-06-24T22:14:35 IST" duration-ms="574" status="PASS">
          <reporter-output>
          </reporter-output>
        </test-method> <!-- setup -->
        <test-method signature="verifyUser()[pri:0, instance:tests.smoke.GetUserTest@4df50bcc]" started-at="2026-06-24T22:14:35 IST" name="verifyUser" finished-at="2026-06-24T22:14:37 IST" duration-ms="1953" status="PASS">
          <reporter-output>
          </reporter-output>
        </test-method> <!-- verifyUser -->
      </class> <!-- tests.smoke.GetUserTest -->
    </test> <!-- Surefire test -->
  </suite> <!-- Surefire suite -->
</testng-results>
