<?xml version="1.0" encoding="UTF-8"?>
<!-- Generated by org.testng.reporters.JUnitReportReporter -->
<testsuite hostname="Sundus-Firdous" failures="0" tests="2" name="tests.regression.CreateUserDataDrivenTest" time="7.406" errors="0" timestamp="2026-06-26T20:49:29 IST" skipped="0">
  <testcase classname="tests.regression.CreateUserDataDrivenTest" name="createUserTest" time="5.653"/>
  <testcase classname="tests.regression.CreateUserDataDrivenTest" name="createUserTest" time="1.753"/>
</testsuite> <!-- tests.regression.CreateUserDataDrivenTest -->
